In file included from ../ext/bson.h:17:0,
                 from ../ext/bson.cc:36:
../../nan/nan.h:261:25: error: redefinition of ‘template<class T> v8::Local<T> _NanEnsureLocal(v8::Local<T>)’
 NAN_INLINE v8::Local<T> _NanEnsureLocal(v8::Local<T> val) {
                         ^
../../nan/nan.h:256:25: note: ‘template<class T> v8::Local<T> _NanEnsureLocal(v8::Handle<T>)’ previously declared here
 NAN_INLINE v8::Local<T> _NanEnsureLocal(v8::Handle<T> val) {
                         ^
../../nan/nan.h:473:20: error: variable or field ‘NanAddGCEpilogueCallback’ declared void
       v8::Isolate::GCEpilogueCallback callback
                    ^
../../nan/nan.h:473:7: error: ‘GCEpilogueCallback’ is not a member of ‘v8::Isolate’
       v8::Isolate::GCEpilogueCallback callback
       ^
../../nan/nan.h:474:18: error: expected primary-expression before ‘gc_type_filter’
     , v8::GCType gc_type_filter = v8::kGCTypeAll) {
                  ^
../../nan/nan.h:479:20: error: variable or field ‘NanRemoveGCEpilogueCallback’ declared void
       v8::Isolate::GCEpilogueCallback callback) {
                    ^
../../nan/nan.h:479:7: error: ‘GCEpilogueCallback’ is not a member of ‘v8::Isolate’
       v8::Isolate::GCEpilogueCallback callback) {
       ^
../../nan/nan.h:484:20: error: variable or field ‘NanAddGCPrologueCallback’ declared void
       v8::Isolate::GCPrologueCallback callback
                    ^
../../nan/nan.h:484:7: error: ‘GCPrologueCallback’ is not a member of ‘v8::Isolate’
       v8::Isolate::GCPrologueCallback callback
       ^
../../nan/nan.h:485:18: error: expected primary-expression before ‘gc_type_filter’
     , v8::GCType gc_type_filter = v8::kGCTypeAll) {
                  ^
../../nan/nan.h:490:20: error: variable or field ‘NanRemoveGCPrologueCallback’ declared void
       v8::Isolate::GCPrologueCallback callback) {
                    ^
../../nan/nan.h:490:7: error: ‘GCPrologueCallback’ is not a member of ‘v8::Isolate’
       v8::Isolate::GCPrologueCallback callback) {
       ^
../../nan/nan.h:661:13: error: ‘node::smalloc’ has not been declared
     , node::smalloc::FreeCallback callback
             ^
../../nan/nan.h:661:35: error: expected ‘,’ or ‘...’ before ‘callback’
     , node::smalloc::FreeCallback callback
                                   ^
../../nan/nan.h: In function ‘v8::Local<v8::Object> NanNewBufferHandle(char*, size_t, int)’:
../../nan/nan.h:665:50: error: ‘callback’ was not declared in this scope
         v8::Isolate::GetCurrent(), data, length, callback, hint);
                                                  ^
../../nan/nan.h:665:60: error: ‘hint’ was not declared in this scope
         v8::Isolate::GetCurrent(), data, length, callback, hint);
                                                            ^
../../nan/nan.h: In function ‘v8::Local<v8::Object> NanNewBufferHandle(const char*, uint32_t)’:
../../nan/nan.h:672:67: error: invalid conversion from ‘const char*’ to ‘char*’ [-fpermissive]
     return node::Buffer::New(v8::Isolate::GetCurrent(), data, size);
                                                                   ^
In file included from ../ext/bson.cc:24:0:
/home/roman/.node-gyp/6.0.0/include/node/node_buffer.h:46:40: note:   initializing argument 2 of ‘v8::MaybeLocal<v8::Object> node::Buffer::New(v8::Isolate*, char*, size_t)’
 NODE_EXTERN v8::MaybeLocal<v8::Object> New(v8::Isolate* isolate,
                                        ^
In file included from ../ext/bson.h:17:0,
                 from ../ext/bson.cc:36:
../../nan/nan.h:672:29: error: could not convert ‘node::Buffer::New(v8::Isolate::GetCurrent(), ((char*)data), ((size_t)size))’ from ‘v8::MaybeLocal<v8::Object>’ to ‘v8::Local<v8::Object>’
     return node::Buffer::New(v8::Isolate::GetCurrent(), data, size);
                             ^
../../nan/nan.h: In function ‘v8::Local<v8::Object> NanNewBufferHandle(uint32_t)’:
../../nan/nan.h:676:29: error: could not convert ‘node::Buffer::New(v8::Isolate::GetCurrent(), ((size_t)size))’ from ‘v8::MaybeLocal<v8::Object>’ to ‘v8::Local<v8::Object>’
     return node::Buffer::New(v8::Isolate::GetCurrent(), size);
                             ^
../../nan/nan.h: In function ‘v8::Local<v8::Object> NanBufferUse(char*, uint32_t)’:
../../nan/nan.h:683:12: error: ‘Use’ is not a member of ‘node::Buffer’
     return node::Buffer::Use(v8::Isolate::GetCurrent(), data, size);
            ^
../ext/bson.cc: In static member function ‘static void BSON::BSONDeserialize(const v8::FunctionCallbackInfo<v8::Value>&)’:
../ext/bson.cc:825:44: warning: ‘ssize_t node::DecodeBytes(v8::Local<v8::Value>, node::encoding)’ is deprecated: Use DecodeBytes(isolate, ...) [-Wdeprecated-declarations]
   ssize_t len = DecodeBytes(args[0], BINARY);
                                            ^
In file included from ../ext/bson.cc:22:0:
/home/roman/.node-gyp/6.0.0/include/node/node.h:337:32: note: declared here
                 inline ssize_t DecodeBytes(
                                ^
/home/roman/.node-gyp/6.0.0/include/node/node.h:66:42: note: in definition of macro ‘NODE_DEPRECATED’
     __attribute__((deprecated(message))) declarator
                                          ^
../ext/bson.cc:833:41: warning: ‘ssize_t node::DecodeWrite(char*, size_t, v8::Local<v8::Value>, node::encoding)’ is deprecated: Use DecodeWrite(isolate, ...) [-Wdeprecated-declarations]
   DecodeWrite(data, len, args[0], BINARY);
                                         ^
In file included from ../ext/bson.cc:22:0:
/home/roman/.node-gyp/6.0.0/include/node/node.h:350:32: note: declared here
                 inline ssize_t DecodeWrite(char* buf,
                                ^
/home/roman/.node-gyp/6.0.0/include/node/node.h:66:42: note: in definition of macro ‘NODE_DEPRECATED’
     __attribute__((deprecated(message))) declarator
                                          ^
../ext/bson.cc: In static member function ‘static void BSON::BSONSerialize(const v8::FunctionCallbackInfo<v8::Value>&)’:
../ext/bson.cc:928:73: warning: ‘v8::Local<v8::Value> node::Encode(const void*, size_t, node::encoding)’ is deprecated: Use Encode(isolate, ...) [-Wdeprecated-declarations]
   Local<Value> bin_value = Encode(serialized_object, object_size, BINARY)->ToString();
                                                                         ^
In file included from ../ext/bson.cc:22:0:
/home/roman/.node-gyp/6.0.0/include/node/node.h:318:45: note: declared here
                 inline v8::Local<v8::Value> Encode(
                                             ^
/home/roman/.node-gyp/6.0.0/include/node/node.h:66:42: note: in definition of macro ‘NODE_DEPRECATED’
     __attribute__((deprecated(message))) declarator
                                          ^
make: *** [Release/obj.target/bson/ext/bson.o] Ошибка 1
gyp ERR! build error 
gyp ERR! stack Error: `make` failed with exit code: 2
gyp ERR! stack     at ChildProcess.onExit (/usr/local/lib/node_modules/npm/node_modules/node-gyp/lib/build.js:276:23)
gyp ERR! stack     at emitTwo (events.js:106:13)
gyp ERR! stack     at ChildProcess.emit (events.js:191:7)
gyp ERR! stack     at Process.ChildProcess._handle.onexit (internal/child_process.js:204:12)
gyp ERR! System Linux 4.10.0-42-generic
gyp ERR! command "/usr/local/bin/node" "/usr/local/lib/node_modules/npm/node_modules/node-gyp/bin/node-gyp.js" "rebuild"
gyp ERR! cwd /media/roman/800426DA9D99B871/Учёба/Прога/itransition/Курсовая/NorthStart&End/012/NorthwindNode/node_modules/bson
gyp ERR! node -v v6.0.0
gyp ERR! node-gyp -v v3.3.1
gyp ERR! not ok 
